Arguments: 
  C:\Program Files\nodejs\node.exe C:\Users\zaid\AppData\Roaming\npm\node_modules\yarn\bin\yarn.js install

PATH: 
  C:\Windows\system32;C:\Windows;C:\Windows\System32\Wbem;C:\Windows\System32\WindowsPowerShell\v1.0\;C:\Windows\System32\OpenSSH\;C:\xampp\php;C:\composer;C:\Program Files\nodejs\;C:\Program Files\MySQL\MySQL Server 8.0\bin;C:\Program Files\Git\cmd;C:\Users\zaid\AppData\Local\Programs\Python\Python36\Scripts\;C:\Users\zaid\AppData\Local\Programs\Python\Python36\;C:\Users\zaid\AppData\Local\Programs\Python\Python311\Scripts\;C:\Users\zaid\AppData\Local\Programs\Python\Python311\;C:\Users\zaid\AppData\Local\Microsoft\WindowsApps;C:\Users\zaid\AppData\Local\Programs\Microsoft VS Code\bin;C:\Users\zaid\AppData\Roaming\Composer\vendor\bin;C:\Users\zaid\AppData\Roaming\npm;C:\Users\zaid\AppData\Local\GitHubDesktop\bin

Yarn version: 
  1.22.19

Node version: 
  20.5.1

Platform: 
  win32 x64

Trace: 
  Error: EPERM: operation not permitted, unlink 'C:\Users\zaid\Desktop\recipe app\server\node_modules\bcrypt\lib\binding\napi-v3\bcrypt_lib.node'

npm manifest: 
  {
    "dependencies": {
      "bcrypt": "^5.1.1",
      "body-parser": "^1.20.2",
      "cors": "^2.8.5",
      "dotenv": "^16.3.1",
      "express": "^4.18.2",
      "helmet": "^7.0.0",
      "jsonwebtoken": "^9.0.2",
      "mongoose": "^7.5.2",
      "morgan": "^1.10.0",
      "nodemon": "^3.0.1"
    },
    "scripts": {
      "start": "nodemon server.js",
      "dev": "nodemon server.js"
    },
    "name": "server",
    "type": "module",
    "version": "1.0.0",
    "main": "server.js",
    "keywords": [],
    "author": "",
    "license": "ISC",
    "description": ""
  }

yarn manifest: 
  No manifest

Lockfile: 
  No lockfile
